<?xml version="1.0" encoding="ISO-8859-1"?>
<bugzilla-session class="b4j.core.session.HttpBugzillaSession">
	<bugzilla-home>http://bugzilla.ralph-schuster.eu/bugzilla/</bugzilla-home>
	<BugzillaBug class="b4j.core.DefaultIssue" />
</bugzilla-session>
	
