<?xml version="1.0" encoding="ISO-8859-1"?>
<bugzilla-session class="b4j.core.session.BugzillaHttpSession">
	<bugzilla-home>http://bugzilla.ralph-schuster.eu/bugzilla/</bugzilla-home>
	<BugzillaBug class="b4j.core.DefaultIssue" />
	<AuthorizationCallback class="rs.baselib.security.DefaultAuthorizationCallback">
		<login>test</login>
		<password>password</password>
	</AuthorizationCallback>
</bugzilla-session>
	
