<?xml version="1.0" encoding="ISO-8859-1"?>
<bugzilla-session class="b4j.core.session.HttpJiraSession">
	<bugzilla-home>http://jira.ralph-schuster.eu</bugzilla-home>
	<BugzillaBug class="b4j.core.DefaultIssue" />
	<AuthorizationCallback class="b4j.core.session.DefaultAuthorizationCallback">
		<login>testuser</login>
		<password>password</password>
	</AuthorizationCallback>
</bugzilla-session>
	
